This file contains any messages produced by compilers while
running configure, to aid debugging if configure makes a mistake.

It was created by BuildIndex configure 1.0, which was
generated by GNU Autoconf 2.69.  Invocation command line was

  $ ./configure 

## --------- ##
## Platform. ##
## --------- ##

hostname = ubuntu
uname -m = x86_64
uname -r = 3.13.0-66-generic
uname -s = Linux
uname -v = #108-Ubuntu SMP Wed Oct 7 15:20:27 UTC 2015

/usr/bin/uname -p = unknown
/bin/uname -X     = unknown

/bin/arch              = unknown
/usr/bin/arch -k       = unknown
/usr/convex/getsysinfo = unknown
/usr/bin/hostinfo      = unknown
/bin/machine           = unknown
/usr/bin/oslevel       = unknown
/bin/universe          = unknown

PATH: /usr/bin
PATH: /home/hong/Software/Healpix_3.20/src/cxx/generic_gcc/bin
PATH: /usr/lib/jvm/jdk1.8.0_05/bin
PATH: /usr/local/sbin
PATH: /usr/local/bin
PATH: /usr/sbin
PATH: /usr/bin
PATH: /sbin
PATH: /bin
PATH: /usr/games
PATH: /usr/local/games
PATH: /usr/local/protobuf/bin/
PATH: /usr/local/protobuf/bin/


## ----------- ##
## Core tests. ##
## ----------- ##

configure:2310: checking for a BSD-compatible install
configure:2378: result: /usr/bin/install -c
configure:2389: checking whether build environment is sane
configure:2444: result: yes
configure:2595: checking for a thread-safe mkdir -p
configure:2634: result: /bin/mkdir -p
configure:2641: checking for gawk
configure:2657: found /usr/bin/gawk
configure:2668: result: gawk
configure:2679: checking whether make sets $(MAKE)
configure:2701: result: yes
configure:2730: checking whether make supports nested variables
configure:2747: result: yes
configure:2936: checking for g++
configure:2952: found /usr/local/bin/g++
configure:2963: result: g++
configure:2990: checking for C++ compiler version
configure:2999: g++ --version >&5
g++ (GCC) 8.2.0
Copyright (C) 2018 Free Software Foundation, Inc.
This is free software; see the source for copying conditions.  There is NO
warranty; not even for MERCHANTABILITY or FITNESS FOR A PARTICULAR PURPOSE.

configure:3010: $? = 0
configure:2999: g++ -v >&5
Using built-in specs.
COLLECT_GCC=g++
COLLECT_LTO_WRAPPER=/usr/local/libexec/gcc/x86_64-pc-linux-gnu/8.2.0/lto-wrapper
Target: x86_64-pc-linux-gnu
Configured with: ./configure --disable-multilib
Thread model: posix
gcc version 8.2.0 (GCC) 
configure:3010: $? = 0
configure:2999: g++ -V >&5
g++: error: unrecognized command line option '-V'
g++: fatal error: no input files
compilation terminated.
configure:3010: $? = 1
configure:2999: g++ -qversion >&5
g++: error: unrecognized command line option '-qversion'; did you mean '--version'?
g++: fatal error: no input files
compilation terminated.
configure:3010: $? = 1
configure:3030: checking whether the C++ compiler works
configure:3052: g++    conftest.cpp  >&5
configure:3056: $? = 0
configure:3104: result: yes
configure:3107: checking for C++ compiler default output file name
configure:3109: result: a.out
configure:3115: checking for suffix of executables
configure:3122: g++ -o conftest    conftest.cpp  >&5
configure:3126: $? = 0
configure:3148: result: 
configure:3170: checking whether we are cross compiling
configure:3178: g++ -o conftest    conftest.cpp  >&5
configure:3182: $? = 0
configure:3189: ./conftest
configure:3193: $? = 0
configure:3208: result: no
configure:3213: checking for suffix of object files
configure:3235: g++ -c   conftest.cpp >&5
configure:3239: $? = 0
configure:3260: result: o
configure:3264: checking whether we are using the GNU C++ compiler
configure:3283: g++ -c   conftest.cpp >&5
configure:3283: $? = 0
configure:3292: result: yes
configure:3301: checking whether g++ accepts -g
configure:3321: g++ -c -g  conftest.cpp >&5
configure:3321: $? = 0
configure:3362: result: yes
configure:3396: checking for style of include used by make
configure:3424: result: GNU
configure:3450: checking dependency style of g++
configure:3561: result: gcc3
configure:3628: checking for gcc
configure:3644: found /usr/bin/gcc
configure:3655: result: gcc
configure:3884: checking for C compiler version
configure:3893: gcc --version >&5
gcc (Ubuntu 4.8.4-2ubuntu1~14.04.3) 4.8.4
Copyright (C) 2013 Free Software Foundation, Inc.
This is free software; see the source for copying conditions.  There is NO
warranty; not even for MERCHANTABILITY or FITNESS FOR A PARTICULAR PURPOSE.

configure:3904: $? = 0
configure:3893: gcc -v >&5
Using built-in specs.
COLLECT_GCC=gcc
COLLECT_LTO_WRAPPER=/usr/lib/gcc/x86_64-linux-gnu/4.8/lto-wrapper
Target: x86_64-linux-gnu
Configured with: ../src/configure -v --with-pkgversion='Ubuntu 4.8.4-2ubuntu1~14.04.3' --with-bugurl=file:///usr/share/doc/gcc-4.8/README.Bugs --enable-languages=c,c++,java,go,d,fortran,objc,obj-c++ --prefix=/usr --program-suffix=-4.8 --enable-shared --enable-linker-build-id --libexecdir=/usr/lib --without-included-gettext --enable-threads=posix --with-gxx-include-dir=/usr/include/c++/4.8 --libdir=/usr/lib --enable-nls --with-sysroot=/ --enable-clocale=gnu --enable-libstdcxx-debug --enable-libstdcxx-time=yes --enable-gnu-unique-object --disable-libmudflap --enable-plugin --with-system-zlib --disable-browser-plugin --enable-java-awt=gtk --enable-gtk-cairo --with-java-home=/usr/lib/jvm/java-1.5.0-gcj-4.8-amd64/jre --enable-java-home --with-jvm-root-dir=/usr/lib/jvm/java-1.5.0-gcj-4.8-amd64 --with-jvm-jar-dir=/usr/lib/jvm-exports/java-1.5.0-gcj-4.8-amd64 --with-arch-directory=amd64 --with-ecj-jar=/usr/share/java/eclipse-ecj.jar --enable-objc-gc --enable-multiarch --disable-werror --with-arch-32=i686 --with-abi=m64 --with-multilib-list=m32,m64,mx32 --with-tune=generic --enable-checking=release --build=x86_64-linux-gnu --host=x86_64-linux-gnu --target=x86_64-linux-gnu
Thread model: posix
gcc version 4.8.4 (Ubuntu 4.8.4-2ubuntu1~14.04.3) 
configure:3904: $? = 0
configure:3893: gcc -V >&5
gcc: error: unrecognized command line option '-V'
gcc: fatal error: no input files
compilation terminated.
configure:3904: $? = 4
configure:3893: gcc -qversion >&5
gcc: error: unrecognized command line option '-qversion'
gcc: fatal error: no input files
compilation terminated.
configure:3904: $? = 4
configure:3908: checking whether we are using the GNU C compiler
configure:3927: gcc -c   conftest.c >&5
configure:3927: $? = 0
configure:3936: result: yes
configure:3945: checking whether gcc accepts -g
configure:3965: gcc -c -g  conftest.c >&5
configure:3965: $? = 0
configure:4006: result: yes
configure:4023: checking for gcc option to accept ISO C89
configure:4086: gcc  -c -g -O2  conftest.c >&5
configure:4086: $? = 0
configure:4099: result: none needed
configure:4124: checking whether gcc understands -c and -o together
configure:4146: gcc -c conftest.c -o conftest2.o
configure:4149: $? = 0
configure:4146: gcc -c conftest.c -o conftest2.o
configure:4149: $? = 0
configure:4161: result: yes
configure:4180: checking dependency style of gcc
configure:4291: result: gcc3
configure:4312: checking how to run the C preprocessor
configure:4343: gcc -E  conftest.c
configure:4343: $? = 0
configure:4357: gcc -E  conftest.c
conftest.c:11:28: fatal error: ac_nonexistent.h: No such file or directory
 #include <ac_nonexistent.h>
                            ^
compilation terminated.
configure:4357: $? = 1
configure: failed program was:
| /* confdefs.h */
| #define PACKAGE_NAME "BuildIndex"
| #define PACKAGE_TARNAME "buildindex"
| #define PACKAGE_VERSION "1.0"
| #define PACKAGE_STRING "BuildIndex 1.0"
| #define PACKAGE_BUGREPORT "lice_yao@163.com"
| #define PACKAGE_URL ""
| #define PACKAGE "BuildIndex"
| #define VERSION "1.0"
| /* end confdefs.h.  */
| #include <ac_nonexistent.h>
configure:4382: result: gcc -E
configure:4402: gcc -E  conftest.c
configure:4402: $? = 0
configure:4416: gcc -E  conftest.c
conftest.c:11:28: fatal error: ac_nonexistent.h: No such file or directory
 #include <ac_nonexistent.h>
                            ^
compilation terminated.
configure:4416: $? = 1
configure: failed program was:
| /* confdefs.h */
| #define PACKAGE_NAME "BuildIndex"
| #define PACKAGE_TARNAME "buildindex"
| #define PACKAGE_VERSION "1.0"
| #define PACKAGE_STRING "BuildIndex 1.0"
| #define PACKAGE_BUGREPORT "lice_yao@163.com"
| #define PACKAGE_URL ""
| #define PACKAGE "BuildIndex"
| #define VERSION "1.0"
| /* end confdefs.h.  */
| #include <ac_nonexistent.h>
configure:4445: checking for grep that handles long lines and -e
configure:4503: result: /bin/grep
configure:4508: checking for egrep
configure:4570: result: /bin/grep -E
configure:4575: checking for ANSI C header files
configure:4595: gcc -c -g -O2  conftest.c >&5
configure:4595: $? = 0
configure:4668: gcc -o conftest -g -O2   conftest.c  >&5
configure:4668: $? = 0
configure:4668: ./conftest
configure:4668: $? = 0
configure:4679: result: yes
configure:4692: checking for sys/types.h
configure:4692: gcc -c -g -O2  conftest.c >&5
configure:4692: $? = 0
configure:4692: result: yes
configure:4692: checking for sys/stat.h
configure:4692: gcc -c -g -O2  conftest.c >&5
configure:4692: $? = 0
configure:4692: result: yes
configure:4692: checking for stdlib.h
configure:4692: gcc -c -g -O2  conftest.c >&5
configure:4692: $? = 0
configure:4692: result: yes
configure:4692: checking for string.h
configure:4692: gcc -c -g -O2  conftest.c >&5
configure:4692: $? = 0
configure:4692: result: yes
configure:4692: checking for memory.h
configure:4692: gcc -c -g -O2  conftest.c >&5
configure:4692: $? = 0
configure:4692: result: yes
configure:4692: checking for strings.h
configure:4692: gcc -c -g -O2  conftest.c >&5
configure:4692: $? = 0
configure:4692: result: yes
configure:4692: checking for inttypes.h
configure:4692: gcc -c -g -O2  conftest.c >&5
configure:4692: $? = 0
configure:4692: result: yes
configure:4692: checking for stdint.h
configure:4692: gcc -c -g -O2  conftest.c >&5
configure:4692: $? = 0
configure:4692: result: yes
configure:4692: checking for unistd.h
configure:4692: gcc -c -g -O2  conftest.c >&5
configure:4692: $? = 0
configure:4692: result: yes
configure:4707: checking arpa/inet.h usability
configure:4707: gcc -c -g -O2  conftest.c >&5
configure:4707: $? = 0
configure:4707: result: yes
configure:4707: checking arpa/inet.h presence
configure:4707: gcc -E  conftest.c
configure:4707: $? = 0
configure:4707: result: yes
configure:4707: checking for arpa/inet.h
configure:4707: result: yes
configure:4707: checking netinet/in.h usability
configure:4707: gcc -c -g -O2  conftest.c >&5
configure:4707: $? = 0
configure:4707: result: yes
configure:4707: checking netinet/in.h presence
configure:4707: gcc -E  conftest.c
configure:4707: $? = 0
configure:4707: result: yes
configure:4707: checking for netinet/in.h
configure:4707: result: yes
configure:4707: checking for stdlib.h
configure:4707: result: yes
configure:4707: checking for string.h
configure:4707: result: yes
configure:4707: checking sys/time.h usability
configure:4707: gcc -c -g -O2  conftest.c >&5
configure:4707: $? = 0
configure:4707: result: yes
configure:4707: checking sys/time.h presence
configure:4707: gcc -E  conftest.c
configure:4707: $? = 0
configure:4707: result: yes
configure:4707: checking for sys/time.h
configure:4707: result: yes
configure:4707: checking for unistd.h
configure:4707: result: yes
configure:4719: checking for stdbool.h that conforms to C99
configure:4786: gcc -c -g -O2  conftest.c >&5
configure:4786: $? = 0
configure:4793: result: yes
configure:4795: checking for _Bool
configure:4795: gcc -c -g -O2  conftest.c >&5
configure:4795: $? = 0
configure:4795: gcc -c -g -O2  conftest.c >&5
conftest.c: In function 'main':
conftest.c:63:20: error: expected expression before ')' token
 if (sizeof ((_Bool)))
                    ^
configure:4795: $? = 1
configure: failed program was:
| /* confdefs.h */
| #define PACKAGE_NAME "BuildIndex"
| #define PACKAGE_TARNAME "buildindex"
| #define PACKAGE_VERSION "1.0"
| #define PACKAGE_STRING "BuildIndex 1.0"
| #define PACKAGE_BUGREPORT "lice_yao@163.com"
| #define PACKAGE_URL ""
| #define PACKAGE "BuildIndex"
| #define VERSION "1.0"
| #define STDC_HEADERS 1
| #define HAVE_SYS_TYPES_H 1
| #define HAVE_SYS_STAT_H 1
| #define HAVE_STDLIB_H 1
| #define HAVE_STRING_H 1
| #define HAVE_MEMORY_H 1
| #define HAVE_STRINGS_H 1
| #define HAVE_INTTYPES_H 1
| #define HAVE_STDINT_H 1
| #define HAVE_UNISTD_H 1
| #define HAVE_ARPA_INET_H 1
| #define HAVE_NETINET_IN_H 1
| #define HAVE_STDLIB_H 1
| #define HAVE_STRING_H 1
| #define HAVE_SYS_TIME_H 1
| #define HAVE_UNISTD_H 1
| /* end confdefs.h.  */
| #include <stdio.h>
| #ifdef HAVE_SYS_TYPES_H
| # include <sys/types.h>
| #endif
| #ifdef HAVE_SYS_STAT_H
| # include <sys/stat.h>
| #endif
| #ifdef STDC_HEADERS
| # include <stdlib.h>
| # include <stddef.h>
| #else
| # ifdef HAVE_STDLIB_H
| #  include <stdlib.h>
| # endif
| #endif
| #ifdef HAVE_STRING_H
| # if !defined STDC_HEADERS && defined HAVE_MEMORY_H
| #  include <memory.h>
| # endif
| # include <string.h>
| #endif
| #ifdef HAVE_STRINGS_H
| # include <strings.h>
| #endif
| #ifdef HAVE_INTTYPES_H
| # include <inttypes.h>
| #endif
| #ifdef HAVE_STDINT_H
| # include <stdint.h>
| #endif
| #ifdef HAVE_UNISTD_H
| # include <unistd.h>
| #endif
| int
| main ()
| {
| if (sizeof ((_Bool)))
| 	    return 0;
|   ;
|   return 0;
| }
configure:4795: result: yes
configure:4811: checking for gettimeofday
configure:4811: gcc -o conftest -g -O2   conftest.c  >&5
configure:4811: $? = 0
configure:4811: result: yes
configure:4811: checking for pow
configure:4811: gcc -o conftest -g -O2   conftest.c  >&5
conftest.c:52:6: warning: conflicting types for built-in function 'pow' [enabled by default]
 char pow ();
      ^
/tmp/ccvJnZWg.o: In function `main':
/home/hong/Documents/code/Build Grouped Spatial Index File/conftest.c:63: undefined reference to `pow'
collect2: error: ld returned 1 exit status
configure:4811: $? = 1
configure: failed program was:
| /* confdefs.h */
| #define PACKAGE_NAME "BuildIndex"
| #define PACKAGE_TARNAME "buildindex"
| #define PACKAGE_VERSION "1.0"
| #define PACKAGE_STRING "BuildIndex 1.0"
| #define PACKAGE_BUGREPORT "lice_yao@163.com"
| #define PACKAGE_URL ""
| #define PACKAGE "BuildIndex"
| #define VERSION "1.0"
| #define STDC_HEADERS 1
| #define HAVE_SYS_TYPES_H 1
| #define HAVE_SYS_STAT_H 1
| #define HAVE_STDLIB_H 1
| #define HAVE_STRING_H 1
| #define HAVE_MEMORY_H 1
| #define HAVE_STRINGS_H 1
| #define HAVE_INTTYPES_H 1
| #define HAVE_STDINT_H 1
| #define HAVE_UNISTD_H 1
| #define HAVE_ARPA_INET_H 1
| #define HAVE_NETINET_IN_H 1
| #define HAVE_STDLIB_H 1
| #define HAVE_STRING_H 1
| #define HAVE_SYS_TIME_H 1
| #define HAVE_UNISTD_H 1
| #define HAVE__BOOL 1
| #define HAVE_GETTIMEOFDAY 1
| /* end confdefs.h.  */
| /* Define pow to an innocuous variant, in case <limits.h> declares pow.
|    For example, HP-UX 11i <limits.h> declares gettimeofday.  */
| #define pow innocuous_pow
| 
| /* System header to define __stub macros and hopefully few prototypes,
|     which can conflict with char pow (); below.
|     Prefer <limits.h> to <assert.h> if __STDC__ is defined, since
|     <limits.h> exists even on freestanding compilers.  */
| 
| #ifdef __STDC__
| # include <limits.h>
| #else
| # include <assert.h>
| #endif
| 
| #undef pow
| 
| /* Override any GCC internal prototype to avoid an error.
|    Use char because int might match the return type of a GCC
|    builtin and then its argument prototype would still apply.  */
| #ifdef __cplusplus
| extern "C"
| #endif
| char pow ();
| /* The GNU C library defines this for functions which it implements
|     to always fail with ENOSYS.  Some functions are actually named
|     something starting with __ and the normal name is an alias.  */
| #if defined __stub_pow || defined __stub___pow
| choke me
| #endif
| 
| int
| main ()
| {
| return pow ();
|   ;
|   return 0;
| }
configure:4811: result: no
configure:4821: checking HEALPix library
configure:4831: result: yes lib/
configure:4843: checking HEALPix include
configure:4856: result: no generic_gcc/include
configure:4858: error: in `/home/hong/Documents/code/Build Grouped Spatial Index File':
configure:4860: error: ****no HEALPix installation found; use --with-healpix-include
See `config.log' for more details

## ---------------- ##
## Cache variables. ##
## ---------------- ##

ac_cv_c_compiler_gnu=yes
ac_cv_cxx_compiler_gnu=yes
ac_cv_env_CCC_set=
ac_cv_env_CCC_value=
ac_cv_env_CC_set=
ac_cv_env_CC_value=
ac_cv_env_CFLAGS_set=
ac_cv_env_CFLAGS_value=
ac_cv_env_CPPFLAGS_set=
ac_cv_env_CPPFLAGS_value=
ac_cv_env_CPP_set=
ac_cv_env_CPP_value=
ac_cv_env_CXXFLAGS_set=
ac_cv_env_CXXFLAGS_value=
ac_cv_env_CXX_set=
ac_cv_env_CXX_value=
ac_cv_env_LDFLAGS_set=
ac_cv_env_LDFLAGS_value=
ac_cv_env_LIBS_set=
ac_cv_env_LIBS_value=
ac_cv_env_build_alias_set=
ac_cv_env_build_alias_value=
ac_cv_env_host_alias_set=
ac_cv_env_host_alias_value=
ac_cv_env_target_alias_set=
ac_cv_env_target_alias_value=
ac_cv_func_gettimeofday=yes
ac_cv_func_pow=no
ac_cv_header_arpa_inet_h=yes
ac_cv_header_inttypes_h=yes
ac_cv_header_memory_h=yes
ac_cv_header_netinet_in_h=yes
ac_cv_header_stdbool_h=yes
ac_cv_header_stdc=yes
ac_cv_header_stdint_h=yes
ac_cv_header_stdlib_h=yes
ac_cv_header_string_h=yes
ac_cv_header_strings_h=yes
ac_cv_header_sys_stat_h=yes
ac_cv_header_sys_time_h=yes
ac_cv_header_sys_types_h=yes
ac_cv_header_unistd_h=yes
ac_cv_objext=o
ac_cv_path_EGREP='/bin/grep -E'
ac_cv_path_GREP=/bin/grep
ac_cv_path_install='/usr/bin/install -c'
ac_cv_path_mkdir=/bin/mkdir
ac_cv_prog_AWK=gawk
ac_cv_prog_CPP='gcc -E'
ac_cv_prog_ac_ct_CC=gcc
ac_cv_prog_ac_ct_CXX=g++
ac_cv_prog_cc_c89=
ac_cv_prog_cc_g=yes
ac_cv_prog_cxx_g=yes
ac_cv_prog_make_make_set=yes
ac_cv_type__Bool=yes
am_cv_CC_dependencies_compiler_type=gcc3
am_cv_CXX_dependencies_compiler_type=gcc3
am_cv_make_support_nested_variables=yes
am_cv_prog_cc_c_o=yes

## ----------------- ##
## Output variables. ##
## ----------------- ##

ACLOCAL='${SHELL} "/home/hong/Documents/code/Build Grouped Spatial Index File/missing" aclocal-1.14'
AMDEPBACKSLASH='\'
AMDEP_FALSE='#'
AMDEP_TRUE=''
AMTAR='$${TAR-tar}'
AM_BACKSLASH='\'
AM_DEFAULT_V='$(AM_DEFAULT_VERBOSITY)'
AM_DEFAULT_VERBOSITY='1'
AM_V='$(V)'
AUTOCONF='${SHELL} "/home/hong/Documents/code/Build Grouped Spatial Index File/missing" autoconf'
AUTOHEADER='${SHELL} "/home/hong/Documents/code/Build Grouped Spatial Index File/missing" autoheader'
AUTOMAKE='${SHELL} "/home/hong/Documents/code/Build Grouped Spatial Index File/missing" automake-1.14'
AWK='gawk'
CC='gcc'
CCDEPMODE='depmode=gcc3'
CFLAGS='-g -O2'
CPP='gcc -E'
CPPFLAGS=''
CXX='g++'
CXXDEPMODE='depmode=gcc3'
CXXFLAGS='-g -O2'
CYGPATH_W='echo'
DEFS=''
DEPDIR='.deps'
ECHO_C=''
ECHO_N='-n'
ECHO_T=''
EGREP='/bin/grep -E'
EXEEXT=''
GREP='/bin/grep'
HEALPIX_INCLUDE='generic_gcc/include'
HEALPIX_LIB='lib/'
HEALPIX_SRC=''
INSTALL_DATA='${INSTALL} -m 644'
INSTALL_PROGRAM='${INSTALL}'
INSTALL_SCRIPT='${INSTALL}'
INSTALL_STRIP_PROGRAM='$(install_sh) -c -s'
LDFLAGS=''
LIBOBJS=''
LIBS=''
LTLIBOBJS=''
MAKEINFO='${SHELL} "/home/hong/Documents/code/Build Grouped Spatial Index File/missing" makeinfo'
MKDIR_P='/bin/mkdir -p'
OBJEXT='o'
PACKAGE='BuildIndex'
PACKAGE_BUGREPORT='lice_yao@163.com'
PACKAGE_NAME='BuildIndex'
PACKAGE_STRING='BuildIndex 1.0'
PACKAGE_TARNAME='buildindex'
PACKAGE_URL=''
PACKAGE_VERSION='1.0'
PATH_SEPARATOR=':'
PROTOBUF_INCLUDE=''
PROTOBUF_LIB=''
SET_MAKE=''
SHELL='/bin/bash'
STRIP=''
VERSION='1.0'
ac_ct_CC='gcc'
ac_ct_CXX='g++'
am__EXEEXT_FALSE=''
am__EXEEXT_TRUE=''
am__fastdepCC_FALSE='#'
am__fastdepCC_TRUE=''
am__fastdepCXX_FALSE='#'
am__fastdepCXX_TRUE=''
am__include='include'
am__isrc=''
am__leading_dot='.'
am__nodep='_no'
am__quote=''
am__tar='$${TAR-tar} chof - "$$tardir"'
am__untar='$${TAR-tar} xf -'
bindir='${exec_prefix}/bin'
build_alias=''
datadir='${datarootdir}'
datarootdir='${prefix}/share'
docdir='${datarootdir}/doc/${PACKAGE_TARNAME}'
dvidir='${docdir}'
exec_prefix='NONE'
host_alias=''
htmldir='${docdir}'
includedir='${prefix}/include'
infodir='${datarootdir}/info'
install_sh='${SHELL} '\''/home/hong/Documents/code/Build Grouped Spatial Index File/install-sh'\'''
libdir='${exec_prefix}/lib'
libexecdir='${exec_prefix}/libexec'
localedir='${datarootdir}/locale'
localstatedir='${prefix}/var'
mandir='${datarootdir}/man'
mkdir_p='$(MKDIR_P)'
oldincludedir='/usr/include'
pdfdir='${docdir}'
prefix='NONE'
program_transform_name='s,x,x,'
psdir='${docdir}'
sbindir='${exec_prefix}/sbin'
sharedstatedir='${prefix}/com'
sysconfdir='${prefix}/etc'
target_alias=''

## ----------- ##
## confdefs.h. ##
## ----------- ##

/* confdefs.h */
#define PACKAGE_NAME "BuildIndex"
#define PACKAGE_TARNAME "buildindex"
#define PACKAGE_VERSION "1.0"
#define PACKAGE_STRING "BuildIndex 1.0"
#define PACKAGE_BUGREPORT "lice_yao@163.com"
#define PACKAGE_URL ""
#define PACKAGE "BuildIndex"
#define VERSION "1.0"
#define STDC_HEADERS 1
#define HAVE_SYS_TYPES_H 1
#define HAVE_SYS_STAT_H 1
#define HAVE_STDLIB_H 1
#define HAVE_STRING_H 1
#define HAVE_MEMORY_H 1
#define HAVE_STRINGS_H 1
#define HAVE_INTTYPES_H 1
#define HAVE_STDINT_H 1
#define HAVE_UNISTD_H 1
#define HAVE_ARPA_INET_H 1
#define HAVE_NETINET_IN_H 1
#define HAVE_STDLIB_H 1
#define HAVE_STRING_H 1
#define HAVE_SYS_TIME_H 1
#define HAVE_UNISTD_H 1
#define HAVE__BOOL 1
#define HAVE_GETTIMEOFDAY 1

configure: exit 1
